1641885396362	geckodriver	INFO	Listening on 127.0.0.1:51355
1641885399411	mozrunner::runner	INFO	Running command: "C:\\Program Files\\Mozilla Firefox\\firefox.exe" "--marionette" "--remote-debugging-port" "51356" "-no-remote" "-profile" "C:\\Users\\USUARIO\\AppData\\Local\\Temp\\rust_mozprofileoT4JPF"
1641885400175	Marionette	INFO	Marionette enabled
console.warn: SearchSettings: "get: No settings file exists, new profile?" (new NotFoundError("Could not open the file at C:\\Users\\USUARIO\\AppData\\Local\\Temp\\rust_mozprofileoT4JPF\\search.json.mozlz4", (void 0)))
DevTools listening on ws://localhost:51356/devtools/browser/017c159f-11a6-466b-9bb8-a9a889e0108f
1641885403821	Marionette	INFO	Listening on port 51361
1641885404268	RemoteAgent	WARN	TLS certificate errors will be ignored for this session
1641885526953	Marionette	INFO	Stopped listening on port 51361
console.warn: TopSitesFeed: Failed to fetch data from Contile server: NetworkError when attempting to fetch resource.

###!!! [Parent][RunMessage] Error: Channel closing: too late to send/recv, messages will be lost

1641885773694	geckodriver	INFO	Listening on 127.0.0.1:51497
1641885776777	mozrunner::runner	INFO	Running command: "C:\\Program Files\\Mozilla Firefox\\firefox.exe" "--marionette" "--remote-debugging-port" "51498" "-no-remote" "-profile" "C:\\Users\\USUARIO\\AppData\\Local\\Temp\\rust_mozprofileN86jIy"
1641885777174	Marionette	INFO	Marionette enabled
console.warn: SearchSettings: "get: No settings file exists, new profile?" (new NotFoundError("Could not open the file at C:\\Users\\USUARIO\\AppData\\Local\\Temp\\rust_mozprofileN86jIy\\search.json.mozlz4", (void 0)))
DevTools listening on ws://localhost:51498/devtools/browser/173f1c19-1068-48e6-9667-931a432cf047
1641885780480	Marionette	INFO	Listening on port 51503
1641885780989	RemoteAgent	WARN	TLS certificate errors will be ignored for this session
JavaScript error: resource://gre/modules/XULStore.jsm, line 66: Error: Can't find profile directory.
JavaScript error: resource://gre/modules/XULStore.jsm, line 66: Error: Can't find profile directory.
1641886011204	Marionette	INFO	Stopped listening on port 51503
console.warn: TopSitesFeed: Failed to fetch data from Contile server: NetworkError when attempting to fetch resource.

###!!! [Child][RunMessage] Error: Channel closing: too late to send/recv, messages will be lost


###!!! [Parent][RunMessage] Error: Channel closing: too late to send/recv, messages will be lost

1641886471026	geckodriver	INFO	Listening on 127.0.0.1:56051
1641886474081	mozrunner::runner	INFO	Running command: "C:\\Program Files\\Mozilla Firefox\\firefox.exe" "--marionette" "--remote-debugging-port" "56052" "-no-remote" "-profile" "C:\\Users\\USUARIO\\AppData\\Local\\Temp\\rust_mozprofileXkjHCQ"
1641886474539	Marionette	INFO	Marionette enabled
console.warn: SearchSettings: "get: No settings file exists, new profile?" (new NotFoundError("Could not open the file at C:\\Users\\USUARIO\\AppData\\Local\\Temp\\rust_mozprofileXkjHCQ\\search.json.mozlz4", (void 0)))
DevTools listening on ws://localhost:56052/devtools/browser/bdc4bc23-8942-476f-a0cc-7ce0b465d5ad
1641886477937	Marionette	INFO	Listening on port 56057
1641886478298	RemoteAgent	WARN	TLS certificate errors will be ignored for this session
JavaScript error: , line 0: NS_ERROR_NOT_AVAILABLE
1641889017334	Marionette	INFO	Stopped listening on port 56057
console.warn: TopSitesFeed: Failed to fetch data from Contile server: NetworkError when attempting to fetch resource.
remote-debugging-port" "56401" "-no-remote" "-profile" "C:\\Users\\USUARIO\\AppData\\Local\\Temp\\rust_mozprofilempqEsj"
1641887243514	Marionette	INFO	Marionette enabled
console.warn: SearchSettings: "get: No settings file exists, new profile?" (new NotFoundError("Could not open the file at C:\\Users\\USUARIO\\AppData\\Local\\Temp\\rust_mozprofilempqEsj\\search.json.mozlz4", (void 0)))
DevTools listening on ws://localhost:56401/devtools/browser/7af812ff-8008-41e8-a3ef-d8f9f2163cb9
1641887246936	Marionette	INFO	Listening on port 56406
1641887247266	RemoteAgent	WARN	TLS certificate errors will be ignored for this session
JavaScript error: , line 0: NS_ERROR_NOT_AVAILABLE
1641889018469	Marionette	INFO	Stopped listening on port 56406
console.warn: TopSitesFeed: Failed to fetch data from Contile server: NetworkError when attempting to fetch resource.
remote-debugging-port" "53978" "-no-remote" "-profile" "C:\\Users\\USUARIO\\AppData\\Local\\Temp\\rust_mozprofiley9WIJY"
1641888388729	Marionette	INFO	Marionette enabled
console.warn: SearchSettings: "get: No settings file exists, new profile?" (new NotFoundError("Could not open the file at C:\\Users\\USUARIO\\AppData\\Local\\Temp\\rust_mozprofiley9WIJY\\search.json.mozlz4", (void 0)))
DevTools listening on ws://localhost:53978/devtools/browser/52459df5-1dec-45fe-80b3-0108c3e72e50
1641888392172	Marionette	INFO	Listening on port 53983
1641888392441	RemoteAgent	WARN	TLS certificate errors will be ignored for this session
1641889030942	Marionette	INFO	Stopped listening on port 53983
console.warn: TopSitesFeed: Failed to fetch data from Contile server: NetworkError when attempting to fetch resource.
JavaScript error: chrome://remote/content/marionette/cert.js, line 55: NS_ERROR_NOT_AVAILABLE: Component returned failure code: 0x80040111 (NS_ERROR_NOT_AVAILABLE) [nsICertOverrideService.setDisableAllSecurityChecksAndLetAttackersInterceptMyData]

###!!! [Parent][RunMessage] Error: Channel closing: too late to send/recv, messages will be lost

1641889096736	geckodriver	INFO	Listening on 127.0.0.1:54163
1641889099797	mozrunner::runner	INFO	Running command: "C:\\Program Files\\Mozilla Firefox\\firefox.exe" "--marionette" "--remote-debugging-port" "54164" "-no-remote" "-profile" "C:\\Users\\USUARIO\\AppData\\Local\\Temp\\rust_mozprofileDfeLeW"
1641889100223	Marionette	INFO	Marionette enabled
console.warn: SearchSettings: "get: No settings file exists, new profile?" (new NotFoundError("Could not open the file at C:\\Users\\USUARIO\\AppData\\Local\\Temp\\rust_mozprofileDfeLeW\\search.json.mozlz4", (void 0)))
DevTools listening on ws://localhost:54164/devtools/browser/2e52d178-a24d-4b5e-bd0b-6aaa5dfc8701
1641889103451	Marionette	INFO	Listening on port 54169
1641889103978	RemoteAgent	WARN	TLS certificate errors will be ignored for this session
JavaScript error: , line 0: NS_ERROR_NOT_AVAILABLE
1641891390573	Marionette	INFO	Stopped listening on port 54169
console.warn: TopSitesFeed: Failed to fetch data from Contile server: NetworkError when attempting to fetch resource.
e" "C:\\Users\\USUARIO\\AppData\\Local\\Temp\\rust_mozprofileHPatTG"
1641889374682	Marionette	INFO	Marionette enabled
console.warn: SearchSettings: "get: No settings file exists, new profile?" (new NotFoundError("Could not open the file at C:\\Users\\USUARIO\\AppData\\Local\\Temp\\rust_mozprofileHPatTG\\search.json.mozlz4", (void 0)))
DevTools listening on ws://localhost:54327/devtools/browser/ecdc32c1-598d-4bbe-89b2-9321a782c048
1641889377818	Marionette	INFO	Listening on port 54332
1641889377983	RemoteAgent	WARN	TLS certificate errors will be ignored for this session
1641889383223	Marionette	INFO	Stopped listening on port 54332
JavaScript error: https://www.gstatic.com/_/mss/boq-search/_/js/k=boq-search.VisualFrontendUi.en_US.0P2yqp-_8yo.es5.O/am=Ap_9CQB4BO0MQRIQQsZSagewAyQggDDGYwIUAAYOEdwEcBxQogAASAAATJQJEAACAQAgIAYASAEA7gAcAAAAAADwzgMDCAAAAAAAAAAgFDEAAAAAAADQRAAAAAAAgA/d=1/excm=_b,_tp,searchview/ed=1/dg=0/wt=2/esmo=1/rs=AH7-fg6WKJxyv6Q3c5bxVJPqWCA1-MHu3A/m=_b,_tp, line 967: NS_ERROR_NOT_INITIALIZED: 
console.warn: TopSitesFeed: Failed to fetch data from Contile server: NetworkError when attempting to fetch resource.
JavaScript error: chrome://remote/content/marionette/cert.js, line 55: NS_ERROR_NOT_AVAILABLE: Component returned failure code: 0x80040111 (NS_ERROR_NOT_AVAILABLE) [nsICertOverrideService.setDisableAllSecurityChecksAndLetAttackersInterceptMyData]
1641889431372	geckodriver	INFO	Listening on 127.0.0.1:54407
1641889434447	mozrunner::runner	INFO	Running command: "C:\\Program Files\\Mozilla Firefox\\firefox.exe" "--marionette" "--remote-debugging-port" "54408" "-no-remote" "-profile" "C:\\Users\\USUARIO\\AppData\\Local\\Temp\\rust_mozprofileQV32kZ"
1641889434838	Marionette	INFO	Marionette enabled
console.warn: SearchSettings: "get: No settings file exists, new profile?" (new NotFoundError("Could not open the file at C:\\Users\\USUARIO\\AppData\\Local\\Temp\\rust_mozprofileQV32kZ\\search.json.mozlz4", (void 0)))
DevTools listening on ws://localhost:54408/devtools/browser/44bc3bf9-9558-4f1f-ace9-2eaaf7a4b587
1641889437845	Marionette	INFO	Listening on port 54413
1641889438152	RemoteAgent	WARN	TLS certificate errors will be ignored for this session
JavaScript error: , line 0: NS_ERROR_NOT_AVAILABLE
1641891389166	Marionette	INFO	Stopped listening on port 54413
console.warn: TopSitesFeed: Failed to fetch data from Contile server: NetworkError when attempting to fetch resource.

###!!! [Parent][RunMessage] Error: Channel closing: too late to send/recv, messages will be lost

_mozprofilemDD9fe"
1641891264725	Marionette	INFO	Marionette enabled
console.warn: SearchSettings: "get: No settings file exists, new profile?" (new NotFoundError("Could not open the file at C:\\Users\\USUARIO\\AppData\\Local\\Temp\\rust_mozprofilemDD9fe\\search.json.mozlz4", (void 0)))
DevTools listening on ws://localhost:60808/devtools/browser/fe3c2bbd-b7cf-4d43-b052-f32b6d58c024
1641891267906	Marionette	INFO	Listening on port 60813
1641891267989	RemoteAgent	WARN	TLS certificate errors will be ignored for this session
1641891386589	Marionette	INFO	Stopped listening on port 60813
console.warn: TopSitesFeed: Failed to fetch data from Contile server: NetworkError when attempting to fetch resource.

###!!! [Parent][RunMessage] Error: Channel closing: too late to send/recv, messages will be lost

1642640118158	geckodriver	INFO	Listening on 127.0.0.1:52683
1642640121215	mozrunner::runner	INFO	Running command: "C:\\Program Files\\Mozilla Firefox\\firefox.exe" "--marionette" "--remote-debugging-port" "52684" "-no-remote" "-profile" "C:\\Users\\USUARIO\\AppData\\Local\\Temp\\rust_mozprofileTIQvfC"
1642640169141	geckodriver	INFO	Listening on 127.0.0.1:52813
1642640172205	mozrunner::runner	INFO	Running command: "C:\\Program Files\\Mozilla Firefox\\firefox.exe" "--marionette" "--remote-debugging-port" "52814" "-no-remote" "-profile" "C:\\Users\\USUARIO\\AppData\\Local\\Temp\\rust_mozprofileKdeS3i"
1642640172664	Marionette	INFO	Marionette enabled
console.warn: SearchSettings: "get: No settings file exists, new profile?" (new NotFoundError("Could not open the file at C:\\Users\\USUARIO\\AppData\\Local\\Temp\\rust_mozprofileKdeS3i\\search.json.mozlz4", (void 0)))
DevTools listening on ws://localhost:52814/devtools/browser/f55030be-7e88-45db-90bc-e71968cf9854
1642640176164	Marionette	INFO	Listening on port 52819
1642640176424	RemoteAgent	WARN	TLS certificate errors will be ignored for this session
console.warn: LoginRecipes: "getRecipes: falling back to a synchronous message for:" "https://www.google.com"
1642640759283	Marionette	INFO	Stopped listening on port 52819
console.warn: TopSitesFeed: Failed to fetch data from Contile server: NetworkError when attempting to fetch resource.
remote-debugging-port" "53052" "-no-remote" "-profile" "C:\\Users\\USUARIO\\AppData\\Local\\Temp\\rust_mozprofileFmyoT3"
1642640697947	Marionette	INFO	Marionette enabled
console.warn: SearchSettings: "get: No settings file exists, new profile?" (new NotFoundError("Could not open the file at C:\\Users\\USUARIO\\AppData\\Local\\Temp\\rust_mozprofileFmyoT3\\search.json.mozlz4", (void 0)))
DevTools listening on ws://localhost:53052/devtools/browser/e3df5936-3317-48ff-8622-5f29f3420090
1642640701409	Marionette	INFO	Listening on port 53057
1642640701676	RemoteAgent	WARN	TLS certificate errors will be ignored for this session
console.warn: LoginRecipes: "getRecipes: falling back to a synchronous message for:" "https://www.google.com"
JavaScript error: , line 0: NS_ERROR_NOT_AVAILABLE
1642644052259	Marionette	INFO	Stopped listening on port 53057
console.warn: TopSitesFeed: Failed to fetch data from Contile server: NetworkError when attempting to fetch resource.
1642771284183	geckodriver	INFO	Listening on 127.0.0.1:59352
1642771287276	mozrunner::runner	INFO	Running command: "C:\\Program Files\\Mozilla Firefox\\firefox.exe" "--marionette" "--remote-debugging-port" "59353" "-no-remote" "-profile" "C:\\Users\\USUARIO\\AppData\\Local\\Temp\\rust_mozprofileKmE02q"
1642771288234	Marionette	INFO	Marionette enabled
console.warn: SearchSettings: "get: No settings file exists, new profile?" (new NotFoundError("Could not open the file at C:\\Users\\USUARIO\\AppData\\Local\\Temp\\rust_mozprofileKmE02q\\search.json.mozlz4", (void 0)))
DevTools listening on ws://localhost:59353/devtools/browser/83223570-8d20-42b5-b5ec-dbcc5917b8ea
1642771292817	Marionette	INFO	Listening on port 59358
1642771293129	RemoteAgent	WARN	TLS certificate errors will be ignored for this session
console.warn: LoginRecipes: "getRecipes: falling back to a synchronous message for:" "https://www.instagram.com"
JavaScript error: https://www.instagram.com/, line 55: TypeError: window.__bufferedErrors is undefined
JavaScript error: https://www.instagram.com/, line 55: TypeError: window.__bufferedErrors is undefined
1642771334867	Marionette	INFO	Stopped listening on port 59358
console.warn: TopSitesFeed: Failed to fetch data from Contile server: NetworkError when attempting to fetch resource.

###!!! [Parent][RunMessage] Error: Channel closing: too late to send/recv, messages will be lost

1642771496486	geckodriver	INFO	Listening on 127.0.0.1:59478
1642771499544	mozrunner::runner	INFO	Running command: "C:\\Program Files\\Mozilla Firefox\\firefox.exe" "--marionette" "--remote-debugging-port" "59479" "-no-remote" "-profile" "C:\\Users\\USUARIO\\AppData\\Local\\Temp\\rust_mozprofile5X52O6"
1642771500129	Marionette	INFO	Marionette enabled
console.warn: SearchSettings: "get: No settings file exists, new profile?" (new NotFoundError("Could not open the file at C:\\Users\\USUARIO\\AppData\\Local\\Temp\\rust_mozprofile5X52O6\\search.json.mozlz4", (void 0)))
DevTools listening on ws://localhost:59479/devtools/browser/f1cd971c-7362-490f-87b8-2c56b31874dd
1642771504499	Marionette	INFO	Listening on port 59484
1642771504910	RemoteAgent	WARN	TLS certificate errors will be ignored for this session
console.warn: LoginRecipes: "getRecipes: falling back to a synchronous message for:" "https://www.google.com"
1642771721115	Marionette	INFO	Stopped listening on port 59484
console.warn: TopSitesFeed: Failed to fetch data from Contile server: NetworkError when attempting to fetch resource.
1642771730363	geckodriver	INFO	Listening on 127.0.0.1:59673
1642771733426	mozrunner::runner	INFO	Running command: "C:\\Program Files\\Mozilla Firefox\\firefox.exe" "--marionette" "--remote-debugging-port" "59674" "-no-remote" "-profile" "C:\\Users\\USUARIO\\AppData\\Local\\Temp\\rust_mozprofilefS8Mtb"
1642771734085	Marionette	INFO	Marionette enabled
console.warn: SearchSettings: "get: No settings file exists, new profile?" (new NotFoundError("Could not open the file at C:\\Users\\USUARIO\\AppData\\Local\\Temp\\rust_mozprofilefS8Mtb\\search.json.mozlz4", (void 0)))
DevTools listening on ws://localhost:59674/devtools/browser/e68cb7b3-ff0b-423e-8f89-c5e06a440ee8
1642771738163	Marionette	INFO	Listening on port 59679
1642771738266	RemoteAgent	WARN	TLS certificate errors will be ignored for this session
console.warn: LoginRecipes: "getRecipes: falling back to a synchronous message for:" "https://www.google.com"
1642771813875	Marionette	INFO	Stopped listening on port 59679
console.warn: TopSitesFeed: Failed to fetch data from Contile server: NetworkError when attempting to fetch resource.
1642771957561	geckodriver	INFO	Listening on 127.0.0.1:59875
1642771960635	mozrunner::runner	INFO	Running command: "C:\\Program Files\\Mozilla Firefox\\firefox.exe" "--marionette" "--remote-debugging-port" "59876" "-no-remote" "-profile" "C:\\Users\\USUARIO\\AppData\\Local\\Temp\\rust_mozprofilekDK6DI"
1642771961601	Marionette	INFO	Marionette enabled
console.warn: SearchSettings: "get: No settings file exists, new profile?" (new NotFoundError("Could not open the file at C:\\Users\\USUARIO\\AppData\\Local\\Temp\\rust_mozprofilekDK6DI\\search.json.mozlz4", (void 0)))
DevTools listening on ws://localhost:59876/devtools/browser/62bb62a8-81ed-44a2-9d12-9683b609f473
1642771966598	Marionette	INFO	Listening on port 59881
1642771967010	RemoteAgent	WARN	TLS certificate errors will be ignored for this session
console.warn: LoginRecipes: "getRecipes: falling back to a synchronous message for:" "https://www.instagram.com"
JavaScript error: https://www.instagram.com/, line 55: TypeError: window.__bufferedErrors is undefined
JavaScript error: https://www.instagram.com/, line 55: TypeError: window.__bufferedErrors is undefined
1642771996333	Marionette	INFO	Stopped listening on port 59881
console.warn: TopSitesFeed: Failed to fetch data from Contile server: NetworkError when attempting to fetch resource.

###!!! [Child][RunMessage] Error: Channel closing: too late to send/recv, messages will be lost

1642965362803	geckodriver	INFO	Listening on 127.0.0.1:61802
1642965365877	mozrunner::runner	INFO	Running command: "C:\\Program Files\\Mozilla Firefox\\firefox.exe" "--marionette" "--remote-debugging-port" "61803" "-no-remote" "-profile" "C:\\Users\\USUARIO\\AppData\\Local\\Temp\\rust_mozprofileqT2ZyG"
1642965366651	Marionette	INFO	Marionette enabled
console.warn: SearchSettings: "get: No settings file exists, new profile?" (new NotFoundError("Could not open the file at C:\\Users\\USUARIO\\AppData\\Local\\Temp\\rust_mozprofileqT2ZyG\\search.json.mozlz4", (void 0)))
DevTools listening on ws://localhost:61803/devtools/browser/cf30c96f-fad6-49cd-ae5b-b0d3741f58b8
1642965370539	Marionette	INFO	Listening on port 61808
1642965370730	RemoteAgent	WARN	TLS certificate errors will be ignored for this session
console.warn: LoginRecipes: "getRecipes: falling back to a synchronous message for:" "https://www.google.com"
JavaScript error: , line 0: NS_ERROR_NOT_AVAILABLE
